Added Component: Designator=BT1(BATT_HOLDER)
Added Component: Designator=C1(0805)
Added Component: Designator=C3(0805)
Added Component: Designator=C4(0805)
Added Component: Designator=C5(0805)
Added Component: Designator=C6(0805)
Added Component: Designator=C7(0805)
Added Component: Designator=C8(0805)
Added Component: Designator=C9(0805)
Added Component: Designator=C10(0805)
Added Component: Designator=C11(0805)
Added Component: Designator=C12(0805)
Added Component: Designator=C13(0805)
Added Component: Designator=C14(0805)
Added Component: Designator=C15(0805)
Added Component: Designator=C16(0805)
Added Component: Designator=C17(0805)
Added Component: Designator=C18(0805)
Added Component: Designator=C19(0805)
Added Component: Designator=C20(0805)
Added Component: Designator=C21(0805)
Added Component: Designator=C22(0805)
Added Component: Designator=C23(0805)
Added Component: Designator=C24(0805)
Added Component: Designator=C?(1210)
Added Component: Designator=D1(0805D)
Added Component: Designator=D2(0805D)
Added Component: Designator=J1(HDR1X2)
Added Component: Designator=J2(HDR1X2)
Added Component: Designator=J3(BOXEDVERT10)
Added Component: Designator=L1(1210L)
Added Component: Designator=Q1(SOT23)
Added Component: Designator=R1(0805)
Added Component: Designator=R2(0805)
Added Component: Designator=R3(0805)
Added Component: Designator=R4(0805)
Added Component: Designator=R5(0805)
Added Component: Designator=R6(0805)
Added Component: Designator=R7(0805)
Added Component: Designator=S1(SPNO_SMD)
Added Component: Designator=S2(SPNO_SMD)
Added Component: Designator=S3(SPNO_SMD)
Added Component: Designator=S4(SPNO_SMD)
Added Component: Designator=S5(SPNO_SMD)
Added Component: Designator=S6(SPNO_SMD)
Added Component: Designator=S7(SPNO_SMD)
Added Component: Designator=S8(SPNO_SMD)
Added Component: Designator=S9(SPNO_SMD)
Added Component: Designator=U1(SOT23-6)
Added Component: Designator=U2(SOT23-5)
Added Component: Designator=U3(QFP-48)
Added Component: Designator=U4(EA DOGS102x)
Added Component: Designator=U5(SOIC-8)
Added Component: Designator=U6(SOIC-14)
Added Component: Designator=X1(XTAL_FLAT_SMD)
Added Pin To Net: NetName=BATTERYLOWLED Pin=D2-K
Added Pin To Net: NetName=BATTERYLOWLED Pin=U3-40
Added Net: Name=BATTERYLOWLED
Added Pin To Net: NetName=BTN_A Pin=C12-1
Added Pin To Net: NetName=BTN_A Pin=S2-3
Added Pin To Net: NetName=BTN_A Pin=U3-26
Added Pin To Net: NetName=BTN_A Pin=U6-1
Added Net: Name=BTN_A
Added Pin To Net: NetName=BTN_B Pin=C14-1
Added Pin To Net: NetName=BTN_B Pin=S4-3
Added Pin To Net: NetName=BTN_B Pin=U3-20
Added Pin To Net: NetName=BTN_B Pin=U6-2
Added Net: Name=BTN_B
Added Pin To Net: NetName=BTN_DOWN Pin=C15-1
Added Pin To Net: NetName=BTN_DOWN Pin=S5-3
Added Pin To Net: NetName=BTN_DOWN Pin=U3-32
Added Pin To Net: NetName=BTN_DOWN Pin=U6-4
Added Net: Name=BTN_DOWN
Added Pin To Net: NetName=BTN_LEFT Pin=C17-1
Added Pin To Net: NetName=BTN_LEFT Pin=S7-3
Added Pin To Net: NetName=BTN_LEFT Pin=U3-31
Added Pin To Net: NetName=BTN_LEFT Pin=U6-5
Added Net: Name=BTN_LEFT
Added Pin To Net: NetName=BTN_RESET Pin=C21-1
Added Pin To Net: NetName=BTN_RESET Pin=R4-1
Added Pin To Net: NetName=BTN_RESET Pin=S9-3
Added Pin To Net: NetName=BTN_RESET Pin=U3-4
Added Net: Name=BTN_RESET
Added Pin To Net: NetName=BTN_RIGHT Pin=C20-1
Added Pin To Net: NetName=BTN_RIGHT Pin=S8-3
Added Pin To Net: NetName=BTN_RIGHT Pin=U3-30
Added Pin To Net: NetName=BTN_RIGHT Pin=U6-6
Added Net: Name=BTN_RIGHT
Added Pin To Net: NetName=BTN_START Pin=C16-1
Added Pin To Net: NetName=BTN_START Pin=S6-3
Added Pin To Net: NetName=BTN_START Pin=U3-16
Added Pin To Net: NetName=BTN_START Pin=U6-11
Added Pin To Net: NetName=BTN_START Pin=U6-12
Added Net: Name=BTN_START
Added Pin To Net: NetName=BTN_UP Pin=C13-1
Added Pin To Net: NetName=BTN_UP Pin=S3-3
Added Pin To Net: NetName=BTN_UP Pin=U3-33
Added Pin To Net: NetName=BTN_UP Pin=U6-3
Added Net: Name=BTN_UP
Added Pin To Net: NetName=GND Pin=BT1-2
Added Pin To Net: NetName=GND Pin=C1-2
Added Pin To Net: NetName=GND Pin=C3-1
Added Pin To Net: NetName=GND Pin=C4-2
Added Pin To Net: NetName=GND Pin=C5-1
Added Pin To Net: NetName=GND Pin=C6-1
Added Pin To Net: NetName=GND Pin=C7-1
Added Pin To Net: NetName=GND Pin=C8-1
Added Pin To Net: NetName=GND Pin=C9-1
Added Pin To Net: NetName=GND Pin=C10-1
Added Pin To Net: NetName=GND Pin=C11-1
Added Pin To Net: NetName=GND Pin=C12-2
Added Pin To Net: NetName=GND Pin=C13-2
Added Pin To Net: NetName=GND Pin=C14-2
Added Pin To Net: NetName=GND Pin=C15-2
Added Pin To Net: NetName=GND Pin=C16-2
Added Pin To Net: NetName=GND Pin=C17-2
Added Pin To Net: NetName=GND Pin=C20-2
Added Pin To Net: NetName=GND Pin=C21-2
Added Pin To Net: NetName=GND Pin=C22-2
Added Pin To Net: NetName=GND Pin=C23-1
Added Pin To Net: NetName=GND Pin=C24-1
Added Pin To Net: NetName=GND Pin=C?-2
Added Pin To Net: NetName=GND Pin=D1-K
Added Pin To Net: NetName=GND Pin=J1-1
Added Pin To Net: NetName=GND Pin=J2-1
Added Pin To Net: NetName=GND Pin=J3-2
Added Pin To Net: NetName=GND Pin=J3-10
Added Pin To Net: NetName=GND Pin=Q1-2
Added Pin To Net: NetName=GND Pin=S1-2
Added Pin To Net: NetName=GND Pin=S2-2
Added Pin To Net: NetName=GND Pin=S3-2
Added Pin To Net: NetName=GND Pin=S4-2
Added Pin To Net: NetName=GND Pin=S5-2
Added Pin To Net: NetName=GND Pin=S6-2
Added Pin To Net: NetName=GND Pin=S7-2
Added Pin To Net: NetName=GND Pin=S8-2
Added Pin To Net: NetName=GND Pin=S9-2
Added Pin To Net: NetName=GND Pin=U1-2
Added Pin To Net: NetName=GND Pin=U1-5
Added Pin To Net: NetName=GND Pin=U2-3
Added Pin To Net: NetName=GND Pin=U3-6
Added Pin To Net: NetName=GND Pin=U3-18
Added Pin To Net: NetName=GND Pin=U3-28
Added Pin To Net: NetName=GND Pin=U3-39
Added Pin To Net: NetName=GND Pin=U4-20
Added Pin To Net: NetName=GND Pin=U4-21
Added Pin To Net: NetName=GND Pin=U5-4
Added Pin To Net: NetName=GND Pin=U6-7
Added Net: Name=GND
Added Pin To Net: NetName=LCD_CD Pin=U3-34
Added Pin To Net: NetName=LCD_CD Pin=U4-26
Added Net: Name=LCD_CD
Added Pin To Net: NetName=LCD_CS Pin=U3-35
Added Pin To Net: NetName=LCD_CS Pin=U4-28
Added Net: Name=LCD_CS
Added Pin To Net: NetName=LCD_PWM Pin=R6-1
Added Pin To Net: NetName=LCD_PWM Pin=U3-43
Added Net: Name=LCD_PWM
Added Pin To Net: NetName=LCD_RESET Pin=U3-41
Added Pin To Net: NetName=LCD_RESET Pin=U4-27
Added Net: Name=LCD_RESET
Added Pin To Net: NetName=MC_MISO Pin=U3-2
Added Pin To Net: NetName=MC_MISO Pin=U5-2
Added Net: Name=MC_MISO
Added Pin To Net: NetName=MC_MOSI Pin=U3-1
Added Pin To Net: NetName=MC_MOSI Pin=U4-24
Added Pin To Net: NetName=MC_MOSI Pin=U5-5
Added Net: Name=MC_MOSI
Added Pin To Net: NetName=MC_SCK Pin=U3-3
Added Pin To Net: NetName=MC_SCK Pin=U4-25
Added Pin To Net: NetName=MC_SCK Pin=U5-6
Added Net: Name=MC_SCK
Added Pin To Net: NetName=NAND_Y' Pin=U3-12
Added Pin To Net: NetName=NAND_Y' Pin=U6-8
Added Net: Name=NAND_Y'
Added Pin To Net: NetName=NetC1_1 Pin=C1-1
Added Pin To Net: NetName=NetC1_1 Pin=R1-1
Added Pin To Net: NetName=NetC1_1 Pin=S1-3
Added Pin To Net: NetName=NetC1_1 Pin=U2-2
Added Net: Name=NetC1_1
Added Pin To Net: NetName=NetC18_1 Pin=C18-1
Added Pin To Net: NetName=NetC18_1 Pin=U4-16
Added Net: Name=NetC18_1
Added Pin To Net: NetName=NetC18_2 Pin=C18-2
Added Pin To Net: NetName=NetC18_2 Pin=U4-19
Added Net: Name=NetC18_2
Added Pin To Net: NetName=NetC19_1 Pin=C19-1
Added Pin To Net: NetName=NetC19_1 Pin=U4-18
Added Net: Name=NetC19_1
Added Pin To Net: NetName=NetC19_2 Pin=C19-2
Added Pin To Net: NetName=NetC19_2 Pin=U4-17
Added Net: Name=NetC19_2
Added Pin To Net: NetName=NetC22_1 Pin=C22-1
Added Pin To Net: NetName=NetC22_1 Pin=U4-15
Added Net: Name=NetC22_1
Added Pin To Net: NetName=NetC23_2 Pin=C23-2
Added Pin To Net: NetName=NetC23_2 Pin=U3-7
Added Pin To Net: NetName=NetC23_2 Pin=X1-1
Added Net: Name=NetC23_2
Added Pin To Net: NetName=NetC24_2 Pin=C24-2
Added Pin To Net: NetName=NetC24_2 Pin=U3-8
Added Pin To Net: NetName=NetC24_2 Pin=X1-2
Added Net: Name=NetC24_2
Added Pin To Net: NetName=NetD1_A Pin=D1-A
Added Pin To Net: NetName=NetD1_A Pin=R2-1
Added Net: Name=NetD1_A
Added Pin To Net: NetName=NetD2_A Pin=D2-A
Added Pin To Net: NetName=NetD2_A Pin=R3-2
Added Net: Name=NetD2_A
Added Pin To Net: NetName=NetL1_1 Pin=L1-1
Added Pin To Net: NetName=NetL1_1 Pin=U1-3
Added Net: Name=NetL1_1
Added Pin To Net: NetName=NetQ1_1 Pin=Q1-1
Added Pin To Net: NetName=NetQ1_1 Pin=R6-2
Added Net: Name=NetQ1_1
Added Pin To Net: NetName=NetQ1_3 Pin=Q1-3
Added Pin To Net: NetName=NetQ1_3 Pin=U4-2
Added Pin To Net: NetName=NetQ1_3 Pin=U4-13
Added Net: Name=NetQ1_3
Added Pin To Net: NetName=NetR5_2 Pin=R5-2
Added Pin To Net: NetName=NetR5_2 Pin=U4-1
Added Net: Name=NetR5_2
Added Pin To Net: NetName=NetR7_2 Pin=R7-2
Added Pin To Net: NetName=NetR7_2 Pin=U4-14
Added Net: Name=NetR7_2
Added Pin To Net: NetName=RAM_CS Pin=U3-13
Added Pin To Net: NetName=RAM_CS Pin=U5-1
Added Net: Name=RAM_CS
Added Pin To Net: NetName=RAM_HOLD Pin=U3-15
Added Pin To Net: NetName=RAM_HOLD Pin=U5-7
Added Net: Name=RAM_HOLD
Added Pin To Net: NetName=RAM_WP Pin=U3-14
Added Pin To Net: NetName=RAM_WP Pin=U5-3
Added Net: Name=RAM_WP
Added Pin To Net: NetName=SOFT POWER Pin=U1-6
Added Pin To Net: NetName=SOFT POWER Pin=U2-1
Added Pin To Net: NetName=SOFT POWER Pin=U2-4
Added Net: Name=SOFT POWER
Added Pin To Net: NetName=TCK Pin=J3-1
Added Pin To Net: NetName=TCK Pin=U3-21
Added Net: Name=TCK
Added Pin To Net: NetName=TDI Pin=J3-9
Added Pin To Net: NetName=TDI Pin=U3-24
Added Net: Name=TDI
Added Pin To Net: NetName=TDO Pin=J3-3
Added Pin To Net: NetName=TDO Pin=U3-23
Added Net: Name=TDO
Added Pin To Net: NetName=TMS Pin=J3-5
Added Pin To Net: NetName=TMS Pin=U3-22
Added Net: Name=TMS
Added Pin To Net: NetName=VBATT Pin=BT1-1
Added Pin To Net: NetName=VBATT Pin=C3-2
Added Pin To Net: NetName=VBATT Pin=C4-1
Added Pin To Net: NetName=VBATT Pin=J1-2
Added Pin To Net: NetName=VBATT Pin=L1-2
Added Pin To Net: NetName=VBATT Pin=R1-2
Added Pin To Net: NetName=VBATT Pin=U1-1
Added Pin To Net: NetName=VBATT Pin=U2-5
Added Pin To Net: NetName=VBATT Pin=U3-36
Added Net: Name=VBATT
Added Pin To Net: NetName=VCC Pin=C5-2
Added Pin To Net: NetName=VCC Pin=C6-2
Added Pin To Net: NetName=VCC Pin=C7-2
Added Pin To Net: NetName=VCC Pin=C8-2
Added Pin To Net: NetName=VCC Pin=C9-2
Added Pin To Net: NetName=VCC Pin=C10-2
Added Pin To Net: NetName=VCC Pin=C11-2
Added Pin To Net: NetName=VCC Pin=C?-1
Added Pin To Net: NetName=VCC Pin=J2-2
Added Pin To Net: NetName=VCC Pin=J3-4
Added Pin To Net: NetName=VCC Pin=J3-7
Added Pin To Net: NetName=VCC Pin=R2-2
Added Pin To Net: NetName=VCC Pin=R3-1
Added Pin To Net: NetName=VCC Pin=R4-2
Added Pin To Net: NetName=VCC Pin=R5-1
Added Pin To Net: NetName=VCC Pin=R7-1
Added Pin To Net: NetName=VCC Pin=U1-4
Added Pin To Net: NetName=VCC Pin=U3-5
Added Pin To Net: NetName=VCC Pin=U3-17
Added Pin To Net: NetName=VCC Pin=U3-27
Added Pin To Net: NetName=VCC Pin=U3-38
Added Pin To Net: NetName=VCC Pin=U4-22
Added Pin To Net: NetName=VCC Pin=U4-23
Added Pin To Net: NetName=VCC Pin=U5-8
Added Pin To Net: NetName=VCC Pin=U6-14
Added Net: Name=VCC
Added Class: Name=Game_Consol_Power
Added Class: Name=Game_Consol_Top
