Removed Pin From Net: NetName=BTN_START Pin=U3-13
Removed Pin From Net: NetName=RAM_WP Pin=U3-14
Removed Pin From Net: NetName=RAM_HOLD Pin=U3-15
Removed Pin From Net: NetName=RAM_CS Pin=U3-16
Removed Pin From Net: NetName=BTN_RIGHT Pin=U3-25
Removed Pin From Net: NetName=BTN_LEFT Pin=U3-26
Removed Pin From Net: NetName=BTN_DOWN Pin=U3-30
Removed Pin From Net: NetName=BTN_UP Pin=U3-31
Removed Pin From Net: NetName=BTN_B Pin=U3-32
Removed Pin From Net: NetName=BTN_A Pin=U3-33
Removed Pin From Net: NetName=LCD_CS Pin=U3-34
Removed Pin From Net: NetName=LCD_RESET Pin=U3-35
Removed Pin From Net: NetName=LCD_CD Pin=U3-36
Removed Pin From Net: NetName=BATTERYLOWLED Pin=U3-40
Removed Pin From Net: NetName=VBATT Pin=U3-41
Removed Pin From Net: NetName=LCD_PWM Pin=U3-43
Added Pin To Net: NetName=RAM_WP Pin=U3-9
Added Pin To Net: NetName=RAM_HOLD Pin=U3-10
Added Pin To Net: NetName=RAM_CS Pin=U3-11
Added Pin To Net: NetName=LCD_PWM Pin=U3-13
Added Pin To Net: NetName=LCD_CD Pin=U3-14
Added Pin To Net: NetName=LCD_RESET Pin=U3-15
Added Pin To Net: NetName=LCD_CS Pin=U3-16
Added Pin To Net: NetName=BATTERYLOWLED Pin=U3-20
Added Pin To Net: NetName=VBATT Pin=U3-33
Added Pin To Net: NetName=BTN_START Pin=U3-34
Added Pin To Net: NetName=BTN_RIGHT Pin=U3-35
Added Pin To Net: NetName=BTN_LEFT Pin=U3-36
Added Pin To Net: NetName=BTN_DOWN Pin=U3-37
Added Pin To Net: NetName=BTN_UP Pin=U3-40
Added Pin To Net: NetName=BTN_B Pin=U3-41
Added Pin To Net: NetName=BTN_A Pin=U3-43
Added Member To Class: ClassName=Game_Consol_Power Member=Component C1 100nF
Added Member To Class: ClassName=Game_Consol_Power Member=Component S1 BTN_SoftPower
Added Member To Class: ClassName=Game_Consol_Power Member=Component U2 74AUG1G80
